# JRE version: OpenJDK Runtime Environment (21.0.5) (build 21.0.5+-13047016-b750.29)
# Java VM: OpenJDK 64-Bit Server VM (21.0.5+-13047016-b750.29, mixed mode, tiered, compressed oops, compressed class ptrs, g1 gc, windows-amd64)
GC Precious Log:
 CardTable entry size: 512
 Card Set container configuration: InlinePtr #cards 5 size 8 Array Of Cards #cards 12 size 40 Howl #buckets 4 coarsen threshold 1843 Howl Bitmap #cards 512 size 80 coarsen threshold 460 Card regions per heap region 1 cards per card region 2048
 CPUs: 20 total, 20 available
 Memory: 16088M
 Large Page Support: Disabled
 NUMA Support: Disabled
 Compressed Oops: Enabled (32-bit)
 Heap Region Size: 1M
 Heap Min Capacity: 8M
 Heap Initial Capacity: 252M
 Heap Max Capacity: 2G
 Pre-touch: Disabled
 Parallel Workers: 15
 Concurrent Workers: 4
 Concurrent Refinement Workers: 15
 Periodic GC: Disabled
Heap:
 garbage-first heap   total 266240K, used 165099K [0x0000000080000000, 0x0000000100000000)
  region size 1024K, 8 young (8192K), 5 survivors (5120K)
 Metaspace       used 111041K, committed 113344K, reserved 1179648K
  class space    used 15144K, committed 16320K, reserved 1048576K
GC Heap History (20 events):
Event: 6.181 GC heap before
{Heap before GC invocations=26 (full 0):
 garbage-first heap   total 165888K, used 148872K [0x0000000080000000, 0x0000000100000000)
  region size 1024K, 46 young (47104K), 7 survivors (7168K)
 Metaspace       used 77162K, committed 78976K, reserved 1179648K
  class space    used 10381K, committed 11264K, reserved 1048576K
}
Event: 6.184 GC heap after
{Heap after GC invocations=27 (full 0):
 garbage-first heap   total 199680K, used 110854K [0x0000000080000000, 0x0000000100000000)
  region size 1024K, 2 young (2048K), 2 survivors (2048K)
 Metaspace       used 77162K, committed 78976K, reserved 1179648K
  class space    used 10381K, committed 11264K, reserved 1048576K
}
Event: 6.716 GC heap before
{Heap before GC invocations=27 (full 0):
 garbage-first heap   total 199680K, used 184582K [0x0000000080000000, 0x0000000100000000)
  region size 1024K, 69 young (70656K), 2 survivors (2048K)
 Metaspace       used 83638K, committed 85632K, reserved 1179648K
  class space    used 11241K, committed 12224K, reserved 1048576K
}
Event: 6.718 GC heap after
{Heap after GC invocations=28 (full 0):
 garbage-first heap   total 199680K, used 117126K [0x0000000080000000, 0x0000000100000000)
  region size 1024K, 8 young (8192K), 8 survivors (8192K)
 Metaspace       used 83638K, committed 85632K, reserved 1179648K
  class space    used 11241K, committed 12224K, reserved 1048576K
}
Event: 7.184 GC heap before
{Heap before GC invocations=28 (full 0):
 garbage-first heap   total 199680K, used 178566K [0x0000000080000000, 0x0000000100000000)
  region size 1024K, 68 young (69632K), 8 survivors (8192K)
 Metaspace       used 88567K, committed 90560K, reserved 1179648K
  class space    used 11861K, committed 12864K, reserved 1048576K
}
Event: 7.187 GC heap after
{Heap after GC invocations=29 (full 0):
 garbage-first heap   total 199680K, used 120050K [0x0000000080000000, 0x0000000100000000)
  region size 1024K, 4 young (4096K), 4 survivors (4096K)
 Metaspace       used 88567K, committed 90560K, reserved 1179648K
  class space    used 11861K, committed 12864K, reserved 1048576K
}
Event: 7.672 GC heap before
{Heap before GC invocations=29 (full 0):
 garbage-first heap   total 199680K, used 175346K [0x0000000080000000, 0x0000000100000000)
  region size 1024K, 59 young (60416K), 4 survivors (4096K)
 Metaspace       used 93820K, committed 95872K, reserved 1179648K
  class space    used 12529K, committed 13568K, reserved 1048576K
}
Event: 7.675 GC heap after
{Heap after GC invocations=30 (full 0):
 garbage-first heap   total 199680K, used 122370K [0x0000000080000000, 0x0000000100000000)
  region size 1024K, 6 young (6144K), 6 survivors (6144K)
 Metaspace       used 93820K, committed 95872K, reserved 1179648K
  class space    used 12529K, committed 13568K, reserved 1048576K
}
Event: 8.150 GC heap before
{Heap before GC invocations=31 (full 0):
 garbage-first heap   total 211968K, used 183810K [0x0000000080000000, 0x0000000100000000)
  region size 1024K, 63 young (64512K), 6 survivors (6144K)
 Metaspace       used 96477K, committed 98560K, reserved 1179648K
  class space    used 12915K, committed 13952K, reserved 1048576K
}
Event: 8.153 GC heap after
{Heap after GC invocations=32 (full 0):
 garbage-first heap   total 211968K, used 131018K [0x0000000080000000, 0x0000000100000000)
  region size 1024K, 8 young (8192K), 8 survivors (8192K)
 Metaspace       used 96477K, committed 98560K, reserved 1179648K
  class space    used 12915K, committed 13952K, reserved 1048576K
}
Event: 8.652 GC heap before
{Heap before GC invocations=32 (full 0):
 garbage-first heap   total 211968K, used 193482K [0x0000000080000000, 0x0000000100000000)
  region size 1024K, 68 young (69632K), 8 survivors (8192K)
 Metaspace       used 101128K, committed 103296K, reserved 1179648K
  class space    used 13702K, committed 14784K, reserved 1048576K
}
Event: 8.655 GC heap after
{Heap after GC invocations=33 (full 0):
 garbage-first heap   total 211968K, used 132216K [0x0000000080000000, 0x0000000100000000)
  region size 1024K, 3 young (3072K), 3 survivors (3072K)
 Metaspace       used 101128K, committed 103296K, reserved 1179648K
  class space    used 13702K, committed 14784K, reserved 1048576K
}
Event: 9.120 GC heap before
{Heap before GC invocations=33 (full 0):
 garbage-first heap   total 211968K, used 194680K [0x0000000080000000, 0x0000000100000000)
  region size 1024K, 65 young (66560K), 3 survivors (3072K)
 Metaspace       used 105866K, committed 108096K, reserved 1179648K
  class space    used 14394K, committed 15488K, reserved 1048576K
}
Event: 9.123 GC heap after
{Heap after GC invocations=34 (full 0):
 garbage-first heap   total 211968K, used 134721K [0x0000000080000000, 0x0000000100000000)
  region size 1024K, 5 young (5120K), 5 survivors (5120K)
 Metaspace       used 105866K, committed 108096K, reserved 1179648K
  class space    used 14394K, committed 15488K, reserved 1048576K
}
Event: 9.667 GC heap before
{Heap before GC invocations=35 (full 0):
 garbage-first heap   total 229376K, used 208449K [0x0000000080000000, 0x0000000100000000)
  region size 1024K, 63 young (64512K), 5 survivors (5120K)
 Metaspace       used 111040K, committed 113344K, reserved 1179648K
  class space    used 15144K, committed 16320K, reserved 1048576K
}
Event: 9.672 GC heap after
{Heap after GC invocations=36 (full 0):
 garbage-first heap   total 229376K, used 158161K [0x0000000080000000, 0x0000000100000000)
  region size 1024K, 8 young (8192K), 8 survivors (8192K)
 Metaspace       used 111040K, committed 113344K, reserved 1179648K
  class space    used 15144K, committed 16320K, reserved 1048576K
}
Event: 9.935 GC heap before
{Heap before GC invocations=36 (full 0):
 garbage-first heap   total 229376K, used 208337K [0x0000000080000000, 0x0000000100000000)
  region size 1024K, 57 young (58368K), 8 survivors (8192K)
 Metaspace       used 111040K, committed 113344K, reserved 1179648K
  class space    used 15144K, committed 16320K, reserved 1048576K
}
Event: 9.943 GC heap after
{Heap after GC invocations=37 (full 0):
 garbage-first heap   total 229376K, used 160569K [0x0000000080000000, 0x0000000100000000)
  region size 1024K, 5 young (5120K), 5 survivors (5120K)
 Metaspace       used 111040K, committed 113344K, reserved 1179648K
  class space    used 15144K, committed 16320K, reserved 1048576K
}
Event: 10.335 GC heap before
{Heap before GC invocations=37 (full 0):
 garbage-first heap   total 229376K, used 211769K [0x0000000080000000, 0x0000000100000000)
  region size 1024K, 55 young (56320K), 5 survivors (5120K)
 Metaspace       used 111041K, committed 113344K, reserved 1179648K
  class space    used 15144K, committed 16320K, reserved 1048576K
}
Event: 10.337 GC heap after
{Heap after GC invocations=38 (full 0):
 garbage-first heap   total 229376K, used 163051K [0x0000000080000000, 0x0000000100000000)
  region size 1024K, 5 young (5120K), 5 survivors (5120K)
 Metaspace       used 111041K, committed 113344K, reserved 1179648K
  class space    used 15144K, committed 16320K, reserved 1048576K
}

