# JRE version: OpenJDK Runtime Environment (21.0.5) (build 21.0.5+-13047016-b750.29)
# Java VM: OpenJDK 64-Bit Server VM (21.0.5+-13047016-b750.29, mixed mode, tiered, compressed oops, compressed class ptrs, g1 gc, windows-amd64)
GC Precious Log:
 CardTable entry size: 512
 Card Set container configuration: InlinePtr #cards 5 size 8 Array Of Cards #cards 12 size 40 Howl #buckets 4 coarsen threshold 1843 Howl Bitmap #cards 512 size 80 coarsen threshold 460 Card regions per heap region 1 cards per card region 2048
 CPUs: 20 total, 20 available
 Memory: 16088M
 Large Page Support: Disabled
 NUMA Support: Disabled
 Compressed Oops: Enabled (32-bit)
 Heap Region Size: 1M
 Heap Min Capacity: 8M
 Heap Initial Capacity: 252M
 Heap Max Capacity: 2G
 Pre-touch: Disabled
 Parallel Workers: 15
 Concurrent Workers: 4
 Concurrent Refinement Workers: 15
 Periodic GC: Disabled
Heap:
 garbage-first heap   total 176128K, used 136592K [0x0000000080000000, 0x0000000100000000)
  region size 1024K, 34 young (34816K), 8 survivors (8192K)
 Metaspace       used 80178K, committed 82112K, reserved 1179648K
  class space    used 10721K, committed 11712K, reserved 1048576K
GC Heap History (20 events):
Event: 3.719 GC heap before
{Heap before GC invocations=11 (full 0):
 garbage-first heap   total 129024K, used 115811K [0x0000000080000000, 0x0000000100000000)
  region size 1024K, 67 young (68608K), 8 survivors (8192K)
 Metaspace       used 55526K, committed 57088K, reserved 1114112K
  class space    used 7510K, committed 8256K, reserved 1048576K
}
Event: 3.722 GC heap after
{Heap after GC invocations=12 (full 0):
 garbage-first heap   total 129024K, used 53909K [0x0000000080000000, 0x0000000100000000)
  region size 1024K, 5 young (5120K), 5 survivors (5120K)
 Metaspace       used 55526K, committed 57088K, reserved 1114112K
  class space    used 7510K, committed 8256K, reserved 1048576K
}
Event: 3.980 GC heap before
{Heap before GC invocations=12 (full 0):
 garbage-first heap   total 129024K, used 88725K [0x0000000080000000, 0x0000000100000000)
  region size 1024K, 33 young (33792K), 5 survivors (5120K)
 Metaspace       used 56988K, committed 58624K, reserved 1114112K
  class space    used 7718K, committed 8512K, reserved 1048576K
}
Event: 3.983 GC heap after
{Heap after GC invocations=13 (full 0):
 garbage-first heap   total 129024K, used 68608K [0x0000000080000000, 0x0000000100000000)
  region size 1024K, 7 young (7168K), 7 survivors (7168K)
 Metaspace       used 56988K, committed 58624K, reserved 1114112K
  class space    used 7718K, committed 8512K, reserved 1048576K
}
Event: 4.222 GC heap before
{Heap before GC invocations=14 (full 0):
 garbage-first heap   total 129024K, used 121856K [0x0000000080000000, 0x0000000100000000)
  region size 1024K, 51 young (52224K), 7 survivors (7168K)
 Metaspace       used 59859K, committed 61504K, reserved 1114112K
  class space    used 8028K, committed 8832K, reserved 1048576K
}
Event: 4.226 GC heap after
{Heap after GC invocations=15 (full 0):
 garbage-first heap   total 132096K, used 77304K [0x0000000080000000, 0x0000000100000000)
  region size 1024K, 3 young (3072K), 3 survivors (3072K)
 Metaspace       used 59859K, committed 61504K, reserved 1114112K
  class space    used 8028K, committed 8832K, reserved 1048576K
}
Event: 4.534 GC heap before
{Heap before GC invocations=15 (full 0):
 garbage-first heap   total 132096K, used 119288K [0x0000000080000000, 0x0000000100000000)
  region size 1024K, 44 young (45056K), 3 survivors (3072K)
 Metaspace       used 65781K, committed 67456K, reserved 1114112K
  class space    used 8854K, committed 9664K, reserved 1048576K
}
Event: 4.537 GC heap after
{Heap after GC invocations=16 (full 0):
 garbage-first heap   total 132096K, used 78634K [0x0000000080000000, 0x0000000100000000)
  region size 1024K, 4 young (4096K), 4 survivors (4096K)
 Metaspace       used 65781K, committed 67456K, reserved 1114112K
  class space    used 8854K, committed 9664K, reserved 1048576K
}
Event: 4.889 GC heap before
{Heap before GC invocations=16 (full 0):
 garbage-first heap   total 132096K, used 120618K [0x0000000080000000, 0x0000000100000000)
  region size 1024K, 45 young (46080K), 4 survivors (4096K)
 Metaspace       used 70532K, committed 72320K, reserved 1114112K
  class space    used 9624K, committed 10496K, reserved 1048576K
}
Event: 4.892 GC heap after
{Heap after GC invocations=17 (full 0):
 garbage-first heap   total 132096K, used 81033K [0x0000000080000000, 0x0000000100000000)
  region size 1024K, 5 young (5120K), 5 survivors (5120K)
 Metaspace       used 70532K, committed 72320K, reserved 1114112K
  class space    used 9624K, committed 10496K, reserved 1048576K
}
Event: 5.319 GC heap before
{Heap before GC invocations=18 (full 0):
 garbage-first heap   total 137216K, used 116873K [0x0000000080000000, 0x0000000100000000)
  region size 1024K, 41 young (41984K), 5 survivors (5120K)
 Metaspace       used 72985K, committed 74816K, reserved 1114112K
  class space    used 9923K, committed 10816K, reserved 1048576K
}
Event: 5.322 GC heap after
{Heap after GC invocations=19 (full 0):
 garbage-first heap   total 137216K, used 85240K [0x0000000080000000, 0x0000000100000000)
  region size 1024K, 6 young (6144K), 6 survivors (6144K)
 Metaspace       used 72985K, committed 74816K, reserved 1114112K
  class space    used 9923K, committed 10816K, reserved 1048576K
}
Event: 5.438 GC heap before
{Heap before GC invocations=19 (full 0):
 garbage-first heap   total 137216K, used 121080K [0x0000000080000000, 0x0000000100000000)
  region size 1024K, 42 young (43008K), 6 survivors (6144K)
 Metaspace       used 73332K, committed 75200K, reserved 1114112K
  class space    used 9923K, committed 10816K, reserved 1048576K
}
Event: 5.441 GC heap after
{Heap after GC invocations=20 (full 0):
 garbage-first heap   total 137216K, used 87541K [0x0000000080000000, 0x0000000100000000)
  region size 1024K, 4 young (4096K), 4 survivors (4096K)
 Metaspace       used 73332K, committed 75200K, reserved 1114112K
  class space    used 9923K, committed 10816K, reserved 1048576K
}
Event: 5.491 GC heap before
{Heap before GC invocations=20 (full 0):
 garbage-first heap   total 137216K, used 123381K [0x0000000080000000, 0x0000000100000000)
  region size 1024K, 40 young (40960K), 4 survivors (4096K)
 Metaspace       used 73416K, committed 75264K, reserved 1114112K
  class space    used 9923K, committed 10816K, reserved 1048576K
}
Event: 5.493 GC heap after
{Heap after GC invocations=21 (full 0):
 garbage-first heap   total 165888K, used 89075K [0x0000000080000000, 0x0000000100000000)
  region size 1024K, 4 young (4096K), 4 survivors (4096K)
 Metaspace       used 73416K, committed 75264K, reserved 1114112K
  class space    used 9923K, committed 10816K, reserved 1048576K
}
Event: 5.674 GC heap before
{Heap before GC invocations=22 (full 0):
 garbage-first heap   total 165888K, used 148467K [0x0000000080000000, 0x0000000100000000)
  region size 1024K, 61 young (62464K), 4 survivors (4096K)
 Metaspace       used 73585K, committed 75456K, reserved 1114112K
  class space    used 9944K, committed 10880K, reserved 1048576K
}
Event: 5.677 GC heap after
{Heap after GC invocations=23 (full 0):
 garbage-first heap   total 165888K, used 93323K [0x0000000080000000, 0x0000000100000000)
  region size 1024K, 6 young (6144K), 6 survivors (6144K)
 Metaspace       used 73585K, committed 75456K, reserved 1114112K
  class space    used 9944K, committed 10880K, reserved 1048576K
}
Event: 6.195 GC heap before
{Heap before GC invocations=23 (full 0):
 garbage-first heap   total 165888K, used 159883K [0x0000000080000000, 0x0000000100000000)
  region size 1024K, 60 young (61440K), 6 survivors (6144K)
 Metaspace       used 77274K, committed 79168K, reserved 1179648K
  class space    used 10398K, committed 11328K, reserved 1048576K
}
Event: 6.199 GC heap after
{Heap after GC invocations=24 (full 0):
 garbage-first heap   total 176128K, used 110992K [0x0000000080000000, 0x0000000100000000)
  region size 1024K, 8 young (8192K), 8 survivors (8192K)
 Metaspace       used 77274K, committed 79168K, reserved 1179648K
  class space    used 10398K, committed 11328K, reserved 1048576K
}

