# JRE version: OpenJDK Runtime Environment (21.0.5) (build 21.0.5+-13047016-b750.29)
# Java VM: OpenJDK 64-Bit Server VM (21.0.5+-13047016-b750.29, mixed mode, tiered, compressed oops, compressed class ptrs, g1 gc, windows-amd64)
GC Precious Log:
 CardTable entry size: 512
 Card Set container configuration: InlinePtr #cards 5 size 8 Array Of Cards #cards 12 size 40 Howl #buckets 4 coarsen threshold 1843 Howl Bitmap #cards 512 size 80 coarsen threshold 460 Card regions per heap region 1 cards per card region 2048
 CPUs: 20 total, 20 available
 Memory: 16088M
 Large Page Support: Disabled
 NUMA Support: Disabled
 Compressed Oops: Enabled (32-bit)
 Heap Region Size: 1M
 Heap Min Capacity: 8M
 Heap Initial Capacity: 252M
 Heap Max Capacity: 2G
 Pre-touch: Disabled
 Parallel Workers: 15
 Concurrent Workers: 4
 Concurrent Refinement Workers: 15
 Periodic GC: Disabled
Heap:
 garbage-first heap   total 222208K, used 166338K [0x0000000080000000, 0x0000000100000000)
  region size 1024K, 44 young (45056K), 10 survivors (10240K)
 Metaspace       used 100494K, committed 102592K, reserved 1179648K
  class space    used 13575K, committed 14656K, reserved 1048576K
GC Heap History (20 events):
Event: 5.252 GC heap before
{Heap before GC invocations=18 (full 0):
 garbage-first heap   total 137216K, used 116456K [0x0000000080000000, 0x0000000100000000)
  region size 1024K, 41 young (41984K), 5 survivors (5120K)
 Metaspace       used 72930K, committed 74752K, reserved 1114112K
  class space    used 9917K, committed 10816K, reserved 1048576K
}
Event: 5.255 GC heap after
{Heap after GC invocations=19 (full 0):
 garbage-first heap   total 137216K, used 84771K [0x0000000080000000, 0x0000000100000000)
  region size 1024K, 6 young (6144K), 6 survivors (6144K)
 Metaspace       used 72930K, committed 74752K, reserved 1114112K
  class space    used 9917K, committed 10816K, reserved 1048576K
}
Event: 5.371 GC heap before
{Heap before GC invocations=19 (full 0):
 garbage-first heap   total 137216K, used 121635K [0x0000000080000000, 0x0000000100000000)
  region size 1024K, 43 young (44032K), 6 survivors (6144K)
 Metaspace       used 73279K, committed 75136K, reserved 1114112K
  class space    used 9917K, committed 10816K, reserved 1048576K
}
Event: 5.375 GC heap after
{Heap after GC invocations=20 (full 0):
 garbage-first heap   total 137216K, used 87470K [0x0000000080000000, 0x0000000100000000)
  region size 1024K, 5 young (5120K), 5 survivors (5120K)
 Metaspace       used 73279K, committed 75136K, reserved 1114112K
  class space    used 9917K, committed 10816K, reserved 1048576K
}
Event: 5.428 GC heap before
{Heap before GC invocations=20 (full 0):
 garbage-first heap   total 137216K, used 121262K [0x0000000080000000, 0x0000000100000000)
  region size 1024K, 39 young (39936K), 5 survivors (5120K)
 Metaspace       used 73364K, committed 75200K, reserved 1114112K
  class space    used 9917K, committed 10816K, reserved 1048576K
}
Event: 5.430 GC heap after
{Heap after GC invocations=21 (full 0):
 garbage-first heap   total 137216K, used 88660K [0x0000000080000000, 0x0000000100000000)
  region size 1024K, 4 young (4096K), 4 survivors (4096K)
 Metaspace       used 73364K, committed 75200K, reserved 1114112K
  class space    used 9917K, committed 10816K, reserved 1048576K
}
Event: 5.491 GC heap before
{Heap before GC invocations=22 (full 0):
 garbage-first heap   total 148480K, used 123476K [0x0000000080000000, 0x0000000100000000)
  region size 1024K, 39 young (39936K), 4 survivors (4096K)
 Metaspace       used 73368K, committed 75200K, reserved 1114112K
  class space    used 9917K, committed 10816K, reserved 1048576K
}
Event: 5.493 GC heap after
{Heap after GC invocations=23 (full 0):
 garbage-first heap   total 148480K, used 89781K [0x0000000080000000, 0x0000000100000000)
  region size 1024K, 4 young (4096K), 4 survivors (4096K)
 Metaspace       used 73368K, committed 75200K, reserved 1114112K
  class space    used 9917K, committed 10816K, reserved 1048576K
}
Event: 5.835 GC heap before
{Heap before GC invocations=23 (full 0):
 garbage-first heap   total 148480K, used 146101K [0x0000000080000000, 0x0000000100000000)
  region size 1024K, 47 young (48128K), 4 survivors (4096K)
 Metaspace       used 74470K, committed 76288K, reserved 1179648K
  class space    used 10057K, committed 10944K, reserved 1048576K
}
Event: 5.840 GC heap after
{Heap after GC invocations=24 (full 0):
 garbage-first heap   total 217088K, used 107866K [0x0000000080000000, 0x0000000100000000)
  region size 1024K, 6 young (6144K), 6 survivors (6144K)
 Metaspace       used 74470K, committed 76288K, reserved 1179648K
  class space    used 10057K, committed 10944K, reserved 1048576K
}
Event: 6.632 GC heap before
{Heap before GC invocations=24 (full 0):
 garbage-first heap   total 217088K, used 187738K [0x0000000080000000, 0x0000000100000000)
  region size 1024K, 84 young (86016K), 6 survivors (6144K)
 Metaspace       used 82524K, committed 84480K, reserved 1179648K
  class space    used 11081K, committed 12032K, reserved 1048576K
}
Event: 6.635 GC heap after
{Heap after GC invocations=25 (full 0):
 garbage-first heap   total 217088K, used 113651K [0x0000000080000000, 0x0000000100000000)
  region size 1024K, 5 young (5120K), 5 survivors (5120K)
 Metaspace       used 82524K, committed 84480K, reserved 1179648K
  class space    used 11081K, committed 12032K, reserved 1048576K
}
Event: 6.669 GC heap before
{Heap before GC invocations=25 (full 0):
 garbage-first heap   total 217088K, used 114675K [0x0000000080000000, 0x0000000100000000)
  region size 1024K, 8 young (8192K), 5 survivors (5120K)
 Metaspace       used 83015K, committed 84928K, reserved 1179648K
  class space    used 11138K, committed 12096K, reserved 1048576K
}
Event: 6.672 GC heap after
{Heap after GC invocations=26 (full 0):
 garbage-first heap   total 217088K, used 113795K [0x0000000080000000, 0x0000000100000000)
  region size 1024K, 5 young (5120K), 5 survivors (5120K)
 Metaspace       used 83015K, committed 84928K, reserved 1179648K
  class space    used 11138K, committed 12096K, reserved 1048576K
}
Event: 7.220 GC heap before
{Heap before GC invocations=27 (full 0):
 garbage-first heap   total 217088K, used 195715K [0x0000000080000000, 0x0000000100000000)
  region size 1024K, 80 young (81920K), 5 survivors (5120K)
 Metaspace       used 88166K, committed 90176K, reserved 1179648K
  class space    used 11819K, committed 12800K, reserved 1048576K
}
Event: 7.223 GC heap after
{Heap after GC invocations=28 (full 0):
 garbage-first heap   total 217088K, used 120209K [0x0000000080000000, 0x0000000100000000)
  region size 1024K, 10 young (10240K), 10 survivors (10240K)
 Metaspace       used 88166K, committed 90176K, reserved 1179648K
  class space    used 11819K, committed 12800K, reserved 1048576K
}
Event: 7.799 GC heap before
{Heap before GC invocations=28 (full 0):
 garbage-first heap   total 217088K, used 197009K [0x0000000080000000, 0x0000000100000000)
  region size 1024K, 82 young (83968K), 10 survivors (10240K)
 Metaspace       used 94480K, committed 96576K, reserved 1179648K
  class space    used 12655K, committed 13696K, reserved 1048576K
}
Event: 7.803 GC heap after
{Heap after GC invocations=29 (full 0):
 garbage-first heap   total 217088K, used 125891K [0x0000000080000000, 0x0000000100000000)
  region size 1024K, 5 young (5120K), 5 survivors (5120K)
 Metaspace       used 94480K, committed 96576K, reserved 1179648K
  class space    used 12655K, committed 13696K, reserved 1048576K
}
Event: 8.303 GC heap before
{Heap before GC invocations=29 (full 0):
 garbage-first heap   total 217088K, used 189379K [0x0000000080000000, 0x0000000100000000)
  region size 1024K, 68 young (69632K), 5 survivors (5120K)
 Metaspace       used 97840K, committed 99968K, reserved 1179648K
  class space    used 13120K, committed 14208K, reserved 1048576K
}
Event: 8.308 GC heap after
{Heap after GC invocations=30 (full 0):
 garbage-first heap   total 217088K, used 131522K [0x0000000080000000, 0x0000000100000000)
  region size 1024K, 10 young (10240K), 10 survivors (10240K)
 Metaspace       used 97840K, committed 99968K, reserved 1179648K
  class space    used 13120K, committed 14208K, reserved 1048576K
}

